here() starts at /Users/lucialayr/Desktop/Publications/borealRecovery
Running 02c with patches2_50cells_complete.duckdb...

── Attaching core tidyverse packages ──────────────────────── tidyverse 2.0.0 ──
✔ dplyr     1.1.4     ✔ readr     2.1.5
✔ forcats   1.0.1     ✔ stringr   1.6.0
✔ ggplot2   4.0.0     ✔ tibble    3.3.0
✔ lubridate 1.9.4     ✔ tidyr     1.3.1
✔ purrr     1.2.0     
── Conflicts ────────────────────────────────────────── tidyverse_conflicts() ──
✖ dplyr::filter() masks stats::filter()
✖ dplyr::lag()    masks stats::lag()
ℹ Use the conflicted package (<http://conflicted.r-lib.org/>) to force all conflicts to become errors

Attaching package: ‘zoo’

The following objects are masked from ‘package:base’:

    as.Date, as.Date.numeric

Rows: 570490 Columns: 10
── Column specification ────────────────────────────────────────────────────────
Delimiter: ","
chr (1): PFT
dbl (9): Lon, Lat, PID, age, relative, cmass, anpp, Year, year_disturbance

ℹ Use `spec()` to retrieve the full column specification for this data.
ℹ Specify the column types or set `show_col_types = FALSE` to quiet this message.
Joining with `by = join_by(Lon, Lat, PID)`
Joining with `by = join_by(Lon, Lat, PID)`
Joining with `by = join_by(Lon, Lat, PID)`
Joining with `by = join_by(Lon, Lat, PID)`
Rows: 570700 Columns: 10
── Column specification ────────────────────────────────────────────────────────
Delimiter: ","
chr (1): PFT
dbl (9): Lon, Lat, PID, age, relative, cmass, anpp, Year, year_disturbance

ℹ Use `spec()` to retrieve the full column specification for this data.
ℹ Specify the column types or set `show_col_types = FALSE` to quiet this message.
Joining with `by = join_by(Lon, Lat, PID)`
Joining with `by = join_by(Lon, Lat, PID)`
Joining with `by = join_by(Lon, Lat, PID)`
Joining with `by = join_by(Lon, Lat, PID)`
Rows: 534510 Columns: 10
── Column specification ────────────────────────────────────────────────────────
Delimiter: ","
chr (1): PFT
dbl (9): Lon, Lat, PID, age, relative, cmass, anpp, Year, year_disturbance

ℹ Use `spec()` to retrieve the full column specification for this data.
ℹ Specify the column types or set `show_col_types = FALSE` to quiet this message.
Joining with `by = join_by(Lon, Lat, PID)`
Joining with `by = join_by(Lon, Lat, PID)`
Joining with `by = join_by(Lon, Lat, PID)`
Joining with `by = join_by(Lon, Lat, PID)`
Rows: 521080 Columns: 10
── Column specification ────────────────────────────────────────────────────────
Delimiter: ","
chr (1): PFT
dbl (9): Lon, Lat, PID, age, relative, cmass, anpp, Year, year_disturbance

ℹ Use `spec()` to retrieve the full column specification for this data.
ℹ Specify the column types or set `show_col_types = FALSE` to quiet this message.
Joining with `by = join_by(Lon, Lat, PID)`
Joining with `by = join_by(Lon, Lat, PID)`
Joining with `by = join_by(Lon, Lat, PID)`
Joining with `by = join_by(Lon, Lat, PID)`
Rows: 531705 Columns: 10
── Column specification ────────────────────────────────────────────────────────
Delimiter: ","
chr (1): PFT
dbl (9): Lon, Lat, PID, age, relative, cmass, anpp, Year, year_disturbance

ℹ Use `spec()` to retrieve the full column specification for this data.
ℹ Specify the column types or set `show_col_types = FALSE` to quiet this message.
Joining with `by = join_by(Lon, Lat, PID)`
Joining with `by = join_by(Lon, Lat, PID)`
Joining with `by = join_by(Lon, Lat, PID)`
Joining with `by = join_by(Lon, Lat, PID)`
Rows: 552955 Columns: 10
── Column specification ────────────────────────────────────────────────────────
Delimiter: ","
chr (1): PFT
dbl (9): Lon, Lat, PID, age, relative, cmass, anpp, Year, year_disturbance

ℹ Use `spec()` to retrieve the full column specification for this data.
ℹ Specify the column types or set `show_col_types = FALSE` to quiet this message.
Joining with `by = join_by(Lon, Lat, PID)`
Joining with `by = join_by(Lon, Lat, PID)`
Joining with `by = join_by(Lon, Lat, PID)`
Joining with `by = join_by(Lon, Lat, PID)`

✓ 02c completed
