here() starts at /Users/lucialayr/Desktop/Publications/borealRecovery
Running trajectories_niche_processed_final.R with subset...

── Attaching core tidyverse packages ──────────────────────── tidyverse 2.0.0 ──
✔ dplyr     1.1.4     ✔ readr     2.1.5
✔ forcats   1.0.1     ✔ stringr   1.6.0
✔ ggplot2   4.0.0     ✔ tibble    3.3.0
✔ lubridate 1.9.4     ✔ tidyr     1.3.1
✔ purrr     1.2.0     
── Conflicts ────────────────────────────────────────── tidyverse_conflicts() ──
✖ dplyr::filter() masks stats::filter()
✖ dplyr::lag()    masks stats::lag()
ℹ Use the conflicted package (<http://conflicted.r-lib.org/>) to force all conflicts to become errors
Linking to GEOS 3.13.0, GDAL 3.8.5, PROJ 9.5.1; sf_use_s2() is TRUE
terra 1.8.80

Attaching package: ‘terra’

The following object is masked from ‘package:tidyr’:

    extract


Attaching package: ‘grid’

The following object is masked from ‘package:terra’:

    depth

Error in contrib.url(repos, "source") : 
  trying to use CRAN without setting a mirror
Calls: source ... withVisible -> eval -> eval -> install.packages -> contrib.url
Execution halted
