here() starts at /Users/lucialayr/Desktop/Publications/borealRecovery
=== Running 02a with complete 50-cell subset ===

Processing all 6 scenarios (this may take 10-15 minutes)...

Loading required package: DBI
── Attaching core tidyverse packages ──────────────────────── tidyverse 2.0.0 ──
✔ dplyr     1.1.4     ✔ readr     2.1.5
✔ forcats   1.0.1     ✔ stringr   1.6.0
✔ ggplot2   4.0.0     ✔ tibble    3.3.0
✔ lubridate 1.9.4     ✔ tidyr     1.3.1
✔ purrr     1.2.0     
── Conflicts ────────────────────────────────────────── tidyverse_conflicts() ──
✖ dplyr::filter() masks stats::filter()
✖ dplyr::lag()    masks stats::lag()
ℹ Use the conflicted package (<http://conflicted.r-lib.org/>) to force all conflicts to become errors
terra 1.8.80

Attaching package: ‘terra’

The following object is masked from ‘package:tidyr’:

    extract


Attaching package: ‘zoo’

The following object is masked from ‘package:terra’:

    time<-

The following objects are masked from ‘package:base’:

    as.Date, as.Date.numeric

Joining with `by = join_by(Year, year_disturbance, PFT, PID, Lon, Lat, age)`
Joining with `by = join_by(Year, year_disturbance, PID, Lon, Lat)`
Joining with `by = join_by(PFT, PID, Lon, Lat)`
Joining with `by = join_by(PFT, Lon, Lat, PID)`
Joining with `by = join_by(Year, year_disturbance, PFT, PID, Lon, Lat, age)`
Joining with `by = join_by(Year, year_disturbance, PID, Lon, Lat)`
Joining with `by = join_by(PFT, PID, Lon, Lat)`
Joining with `by = join_by(PFT, Lon, Lat, PID)`
Joining with `by = join_by(Year, year_disturbance, PFT, PID, Lon, Lat, age)`
Joining with `by = join_by(Year, year_disturbance, PID, Lon, Lat)`
Joining with `by = join_by(PFT, PID, Lon, Lat)`
Joining with `by = join_by(PFT, Lon, Lat, PID)`
Joining with `by = join_by(Year, year_disturbance, PFT, PID, Lon, Lat, age)`
Joining with `by = join_by(Year, year_disturbance, PID, Lon, Lat)`
Joining with `by = join_by(PFT, PID, Lon, Lat)`
Joining with `by = join_by(PFT, Lon, Lat, PID)`
Joining with `by = join_by(Year, year_disturbance, PFT, PID, Lon, Lat, age)`
Joining with `by = join_by(Year, year_disturbance, PID, Lon, Lat)`
Joining with `by = join_by(PFT, PID, Lon, Lat)`
Joining with `by = join_by(PFT, Lon, Lat, PID)`
Joining with `by = join_by(Year, year_disturbance, PFT, PID, Lon, Lat, age)`
Joining with `by = join_by(Year, year_disturbance, PID, Lon, Lat)`
Joining with `by = join_by(PFT, PID, Lon, Lat)`
Joining with `by = join_by(PFT, Lon, Lat, PID)`
[1] "start binding rows .."
# A tibble: 6 × 9
# Groups:   age, Lon, Lat, PID [1]
   Year year_disturbance PFT     PID   Lon   Lat cmass   age relative
  <dbl>            <dbl> <chr> <dbl> <dbl> <dbl> <dbl> <dbl>    <dbl>
1  2103             2037 BNE      21  69.2  63.8  0.48    66    0.585
2  2103             2037 BINE     21  69.2  63.8  0.18    66    0.220
3  2103             2037 BNS      21  69.2  63.8  0       66    0    
4  2103             2037 IBS      21  69.2  63.8  0       66    0    
5  2103             2037 TeBS     21  69.2  63.8  0       66    0    
6  2103             2037 TeNE     21  69.2  63.8  0       66    0    
# A tibble: 6 × 9
# Groups:   age, Lon, Lat, PID [1]
   Year year_disturbance PFT     PID   Lon   Lat cmass   age relative
  <dbl>            <dbl> <chr> <dbl> <dbl> <dbl> <dbl> <dbl>    <dbl>
1  2020             2025 BNE      20 -106.  58.2  0.64    -5  0.598  
2  2020             2025 BINE     20 -106.  58.2  0.22    -5  0.206  
3  2020             2025 BNS      20 -106.  58.2  0       -5  0      
4  2020             2025 IBS      20 -106.  58.2  0.01    -5  0.00935
5  2020             2025 TeBS     20 -106.  58.2  0       -5  0      
6  2020             2025 TeNE     20 -106.  58.2  0       -5  0      
`summarise()` has grouped output by 'PFT', 'Lon', 'Lat', 'PID', 'Year'. You can
override using the `.groups` argument.

=== Checking outputs ===
Created 6 timeseries_rf files:
  trajectories_picontrol_2015_2040_timeseries_rf.csv (28.8 MB)
  trajectories_picontrol_2075_2100_timeseries_rf.csv (29.7 MB)
  trajectories_ssp126_2015_2040_timeseries_rf.csv (29.5 MB)
  trajectories_ssp126_2075_2100_timeseries_rf.csv (27.8 MB)
  trajectories_ssp585_2015_2040_timeseries_rf.csv (29.8 MB)
  trajectories_ssp585_2075_2100_timeseries_rf.csv (26.4 MB)

Files created:
-rw-r--r--@ 1 lucialayr  staff    25M Jan 26 15:35 data/processed/trajectories_picontrol_2015_2040_cmass_200.csv
-rw-r--r--@ 1 lucialayr  staff   198K Jan 26 15:35 data/processed/trajectories_ssp126_2015_2040_pointvalues_rf.csv
-rw-r--r--@ 1 lucialayr  staff    30M Jan 26 15:35 data/processed/trajectories_ssp126_2015_2040_timeseries_rf.csv
-rw-r--r--@ 1 lucialayr  staff   181K Jan 26 15:34 data/processed/trajectories_picontrol_2015_2040_pointvalues_rf.csv
-rw-r--r--@ 1 lucialayr  staff    29M Jan 26 15:34 data/processed/trajectories_picontrol_2015_2040_timeseries_rf.csv
-rw-r--r--@ 1 lucialayr  staff   200K Jan 26 15:34 data/processed/trajectories_ssp585_2015_2040_pointvalues_rf.csv
-rw-r--r--@ 1 lucialayr  staff    30M Jan 26 15:34 data/processed/trajectories_ssp585_2015_2040_timeseries_rf.csv
-rw-r--r--@ 1 lucialayr  staff   6.3M Jan 26 15:28 data/processed/agc_recovery_ssp126_2015_2040_.csv
-rw-r--r--@ 1 lucialayr  staff   6.0M Jan 26 15:28 data/processed/agc_recovery_picontrol_2015_2040_.csv
-rw-r--r--@ 1 lucialayr  staff   6.3M Jan 26 15:28 data/processed/agc_recovery_ssp585_2015_2040_.csv
